<?xml version="1.0" encoding="UTF-8"?>
<!-- Generated by org.testng.reporters.JUnitReportReporter -->
<testsuite hostname="DESKTOP-DEV86DM" name="org.qbrainx.test.TestNG" tests="1" failures="0" timestamp="13 Feb 2020 06:17:30 GMT" time="32.710" errors="0">
  <testcase name="login" time="32.710" classname="org.qbrainx.test.TestNG"/>
</testsuite> <!-- org.qbrainx.test.TestNG -->
